<?xml version="1.0" encoding="UTF-8"?>
<testsuite name="com.business.mail.controller.EmailSenderControllerTest" tests="2" skipped="0" failures="0" errors="0" timestamp="2018-12-06T15:15:07" hostname="HAPUTSIN-UD" time="0.001">
  <properties/>
  <testcase name="sendEmailWithAttachments" classname="com.business.mail.controller.EmailSenderControllerTest" time="0.001"/>
  <testcase name="sendEmail" classname="com.business.mail.controller.EmailSenderControllerTest" time="0.0"/>
  <system-out><![CDATA[]]></system-out>
  <system-err><![CDATA[]]></system-err>
</testsuite>
